<?xml version="1.0" encoding="UTF-8"?>
<!-- Generated by org.testng.reporters.JUnitReportReporter -->
<testsuite hostname="LAPTOP-K1FLO3R7" failures="0" tests="1" name="day28.Demo1" time="3.564" errors="0" timestamp="2023-02-13T12:59:02 IST" skipped="0">
  <testcase classname="day28.Demo1" name="testA" time="3.564"/>
  <system-out/>
</testsuite> <!-- day28.Demo1 -->
