<?xml version="1.0" encoding="UTF-8"?>
<!-- Generated by org.testng.reporters.JUnitReportReporter -->
<testsuite hostname="LAPTOP-K1FLO3R7" failures="0" tests="1" name="scripts.TestCase1" time="7.403" errors="0" timestamp="2023-02-14T14:08:02 IST" skipped="0">
  <testcase classname="scripts.TestCase1" name="testA" time="7.403"/>
  <system-out>
    <![CDATA[Google
XL:Sagar]]>
  </system-out>
</testsuite> <!-- scripts.TestCase1 -->
